app/build/intermediates/manifest_merge_blame_file/debug/manifest-merger-blame-debug-report.txt
1<?xml version="1.0" encoding="utf-8"?>
2<manifest xmlns:android="http://schemas.android.com/apk/res/android"
3    package="com.example.stratboxmobile"
4    android:versionCode="1"
5    android:versionName="1.0" >
6
7    <uses-sdk
8        android:minSdkVersion="16"
8-->src\main\AndroidManifest.xml
9        android:targetSdkVersion="29" />
9-->src\main\AndroidManifest.xml
10
11    <uses-permission android:name="android.permission.INTERNET" />
11-->src\main\AndroidManifest.xml:6:5-67
11-->src\main\AndroidManifest.xml:6:22-64
12
13    <!-- Although the *SdkVersion is captured in gradle build files, this is required for non gradle builds -->
14    <!-- <uses-sdk android:minSdkVersion="14"/> -->
15    <uses-permission android:name="android.permission.ACCESS_NETWORK_STATE" />
15-->[com.google.firebase:firebase-database:19.2.0] AndroidManifest.xml:25:5-79
15-->[com.google.firebase:firebase-database:19.2.0] AndroidManifest.xml:25:22-76
16    <uses-permission android:name="android.permission.WAKE_LOCK" />
16-->[com.google.firebase:firebase-measurement-connector-impl:17.0.2] AndroidManifest.xml:24:5-68
16-->[com.google.firebase:firebase-measurement-connector-impl:17.0.2] AndroidManifest.xml:24:22-65
17    <uses-permission android:name="com.google.android.finsky.permission.BIND_GET_INSTALL_REFERRER_SERVICE" /> <!-- Required by older versions of Google Play services to create IID tokens -->
17-->[com.google.firebase:firebase-analytics:16.0.4] AndroidManifest.xml:26:5-110
17-->[com.google.firebase:firebase-analytics:16.0.4] AndroidManifest.xml:26:22-107
18    <uses-permission android:name="com.google.android.c2dm.permission.RECEIVE" />
18-->[com.google.firebase:firebase-iid:17.0.3] AndroidManifest.xml:26:5-82
18-->[com.google.firebase:firebase-iid:17.0.3] AndroidManifest.xml:26:22-79
19
20    <application
20-->src\main\AndroidManifest.xml:8:5-53:19
21        android:allowBackup="true"
21-->src\main\AndroidManifest.xml:9:9-35
22        android:appComponentFactory="androidx.core.app.CoreComponentFactory"
22-->[androidx.core:core:1.1.0] AndroidManifest.xml:24:18-86
23        android:debuggable="true"
24        android:icon="@mipmap/ic_launcher"
24-->src\main\AndroidManifest.xml:10:9-43
25        android:label="@string/app_name"
25-->src\main\AndroidManifest.xml:11:9-41
26        android:roundIcon="@mipmap/ic_launcher_round"
26-->src\main\AndroidManifest.xml:12:9-54
27        android:supportsRtl="true"
27-->src\main\AndroidManifest.xml:13:9-35
28        android:testOnly="true"
29        android:theme="@style/AppTheme" >
29-->src\main\AndroidManifest.xml:14:9-40
30        <activity
30-->src\main\AndroidManifest.xml:16:9-87
31            android:name="com.example.stratboxmobile.OfflineAi5x5"
31-->src\main\AndroidManifest.xml:16:19-47
32            android:noHistory="true" >
32-->src\main\AndroidManifest.xml:16:48-74
33        </activity>
34        <activity
34-->src\main\AndroidManifest.xml:17:9-77
35            android:name="com.example.stratboxmobile.OfflineAi4x4"
35-->src\main\AndroidManifest.xml:17:19-47
36            android:noHistory="true" />
36-->src\main\AndroidManifest.xml:17:48-74
37        <activity
37-->src\main\AndroidManifest.xml:18:9-77
38            android:name="com.example.stratboxmobile.OfflineAi3x3"
38-->src\main\AndroidManifest.xml:18:19-47
39            android:noHistory="true" />
39-->src\main\AndroidManifest.xml:18:48-74
40        <activity
40-->src\main\AndroidManifest.xml:19:9-22:52
41            android:name="com.example.stratboxmobile.popUpActivityOnline"
41-->src\main\AndroidManifest.xml:20:13-48
42            android:label=" "
42-->src\main\AndroidManifest.xml:21:13-30
43            android:theme="@style/NoTitleDialog" />
43-->src\main\AndroidManifest.xml:22:13-49
44        <activity
44-->src\main\AndroidManifest.xml:23:9-77
45            android:name="com.example.stratboxmobile.OnlineGame5x5"
45-->src\main\AndroidManifest.xml:23:19-48
46            android:noHistory="true" />
46-->src\main\AndroidManifest.xml:23:49-75
47        <activity
47-->src\main\AndroidManifest.xml:24:9-77
48            android:name="com.example.stratboxmobile.OfflinePVP4x4"
48-->src\main\AndroidManifest.xml:24:19-48
49            android:noHistory="true" />
49-->src\main\AndroidManifest.xml:24:49-75
50        <activity
50-->src\main\AndroidManifest.xml:25:9-77
51            android:name="com.example.stratboxmobile.OfflinePVP3x3"
51-->src\main\AndroidManifest.xml:25:19-48
52            android:noHistory="true" />
52-->src\main\AndroidManifest.xml:25:49-75
53        <activity android:name="com.example.stratboxmobile.OnlineMenu" />
53-->src\main\AndroidManifest.xml:26:9-48
53-->src\main\AndroidManifest.xml:26:19-45
54        <activity
54-->src\main\AndroidManifest.xml:27:9-78
55            android:name="com.example.stratboxmobile.OfflinePVP5x5"
55-->src\main\AndroidManifest.xml:27:19-48
56            android:noHistory="true" />
56-->src\main\AndroidManifest.xml:27:49-75
57        <activity
57-->src\main\AndroidManifest.xml:28:9-31:52
58            android:name="com.example.stratboxmobile.popUpActivityOffline"
58-->src\main\AndroidManifest.xml:29:13-49
59            android:label=" "
59-->src\main\AndroidManifest.xml:30:13-30
60            android:theme="@style/NoTitleDialog" />
60-->src\main\AndroidManifest.xml:31:13-49
61        <activity android:name="com.example.stratboxmobile.Settings" />
61-->src\main\AndroidManifest.xml:32:9-46
61-->src\main\AndroidManifest.xml:32:19-43
62        <activity android:name="com.example.stratboxmobile.Guide" />
62-->src\main\AndroidManifest.xml:33:9-43
62-->src\main\AndroidManifest.xml:33:19-40
63        <activity android:name="com.example.stratboxmobile.Game" />
63-->src\main\AndroidManifest.xml:34:9-42
63-->src\main\AndroidManifest.xml:34:19-39
64        <activity android:name="com.example.stratboxmobile.SplashScreen" >
64-->src\main\AndroidManifest.xml:35:9-41:20
64-->src\main\AndroidManifest.xml:35:19-47
65            <intent-filter>
65-->src\main\AndroidManifest.xml:36:13-40:29
66                <action android:name="android.intent.action.MAIN" />
66-->src\main\AndroidManifest.xml:37:17-69
66-->src\main\AndroidManifest.xml:37:25-66
67
68                <category android:name="android.intent.category.LAUNCHER" />
68-->src\main\AndroidManifest.xml:39:17-77
68-->src\main\AndroidManifest.xml:39:27-74
69            </intent-filter>
70        </activity>
71        <activity android:name="com.example.stratboxmobile.MainActivity" >
71-->src\main\AndroidManifest.xml:42:9-48:20
71-->src\main\AndroidManifest.xml:42:19-47
72            <intent-filter>
72-->src\main\AndroidManifest.xml:43:13-47:29
73                <action android:name="android.intent.action.DEFAULT" />
73-->src\main\AndroidManifest.xml:44:17-72
73-->src\main\AndroidManifest.xml:44:25-69
74
75                <category android:name="android.intent.category.LAUNCHER" />
75-->src\main\AndroidManifest.xml:39:17-77
75-->src\main\AndroidManifest.xml:39:27-74
76            </intent-filter>
77        </activity>
78
79        <meta-data
79-->src\main\AndroidManifest.xml:50:9-52:57
80            android:name="preloaded_fonts"
80-->src\main\AndroidManifest.xml:51:13-43
81            android:resource="@array/preloaded_fonts" />
81-->src\main\AndroidManifest.xml:52:13-54
82
83        <activity
83-->[com.google.firebase:firebase-auth:19.2.0] AndroidManifest.xml:24:9-31:50
84            android:name="com.google.firebase.auth.internal.FederatedSignInActivity"
84-->[com.google.firebase:firebase-auth:19.2.0] AndroidManifest.xml:25:13-85
85            android:excludeFromRecents="true"
85-->[com.google.firebase:firebase-auth:19.2.0] AndroidManifest.xml:26:13-46
86            android:exported="true"
86-->[com.google.firebase:firebase-auth:19.2.0] AndroidManifest.xml:27:13-36
87            android:launchMode="singleTask"
87-->[com.google.firebase:firebase-auth:19.2.0] AndroidManifest.xml:28:13-44
88            android:permission="com.google.firebase.auth.api.gms.permission.LAUNCH_FEDERATED_SIGN_IN"
88-->[com.google.firebase:firebase-auth:19.2.0] AndroidManifest.xml:29:13-102
89            android:theme="@android:style/Theme.Translucent.NoTitleBar" />
89-->[com.google.firebase:firebase-auth:19.2.0] AndroidManifest.xml:30:13-72
90
91        <service
91-->[com.google.firebase:firebase-auth:19.2.0] AndroidManifest.xml:33:9-39:19
92            android:name="com.google.firebase.components.ComponentDiscoveryService"
92-->[com.google.firebase:firebase-auth:19.2.0] AndroidManifest.xml:34:13-84
93            android:directBootAware="true"
93-->[com.google.firebase:firebase-common:19.3.0] AndroidManifest.xml:34:13-43
94            android:exported="false" >
94-->[com.google.firebase:firebase-auth:19.2.0] AndroidManifest.xml:35:13-37
95            <meta-data
95-->[com.google.firebase:firebase-auth:19.2.0] AndroidManifest.xml:36:13-38:85
96                android:name="com.google.firebase.components:com.google.firebase.auth.FirebaseAuthRegistrar"
96-->[com.google.firebase:firebase-auth:19.2.0] AndroidManifest.xml:37:17-109
97                android:value="com.google.firebase.components.ComponentRegistrar" />
97-->[com.google.firebase:firebase-auth:19.2.0] AndroidManifest.xml:38:17-82
98            <meta-data
98-->[com.google.firebase:firebase-database:19.2.0] AndroidManifest.xml:32:13-34:85
99                android:name="com.google.firebase.components:com.google.firebase.database.DatabaseRegistrar"
99-->[com.google.firebase:firebase-database:19.2.0] AndroidManifest.xml:33:17-109
100                android:value="com.google.firebase.components.ComponentRegistrar" />
100-->[com.google.firebase:firebase-database:19.2.0] AndroidManifest.xml:34:17-82
101            <meta-data
101-->[com.google.firebase:firebase-measurement-connector-impl:17.0.2] AndroidManifest.xml:28:13-30:85
102                android:name="com.google.firebase.components:com.google.firebase.analytics.connector.internal.AnalyticsConnectorRegistrar"
102-->[com.google.firebase:firebase-measurement-connector-impl:17.0.2] AndroidManifest.xml:29:17-139
103                android:value="com.google.firebase.components.ComponentRegistrar" />
103-->[com.google.firebase:firebase-measurement-connector-impl:17.0.2] AndroidManifest.xml:30:17-82
104            <meta-data
104-->[com.google.firebase:firebase-iid:17.0.3] AndroidManifest.xml:32:13-34:85
105                android:name="com.google.firebase.components:com.google.firebase.iid.Registrar"
105-->[com.google.firebase:firebase-iid:17.0.3] AndroidManifest.xml:33:17-96
106                android:value="com.google.firebase.components.ComponentRegistrar" />
106-->[com.google.firebase:firebase-iid:17.0.3] AndroidManifest.xml:34:17-82
107        </service>
108
109        <receiver
109-->[com.google.firebase:firebase-analytics:16.0.4] AndroidManifest.xml:29:9-33:20
110            android:name="com.google.android.gms.measurement.AppMeasurementReceiver"
110-->[com.google.firebase:firebase-analytics:16.0.4] AndroidManifest.xml:30:13-85
111            android:enabled="true"
111-->[com.google.firebase:firebase-analytics:16.0.4] AndroidManifest.xml:31:13-35
112            android:exported="false" >
112-->[com.google.firebase:firebase-analytics:16.0.4] AndroidManifest.xml:32:13-37
113        </receiver>
114        <receiver
114-->[com.google.firebase:firebase-analytics:16.0.4] AndroidManifest.xml:34:9-42:20
115            android:name="com.google.android.gms.measurement.AppMeasurementInstallReferrerReceiver"
115-->[com.google.firebase:firebase-analytics:16.0.4] AndroidManifest.xml:35:13-100
116            android:enabled="true"
116-->[com.google.firebase:firebase-analytics:16.0.4] AndroidManifest.xml:36:13-35
117            android:exported="true"
117-->[com.google.firebase:firebase-analytics:16.0.4] AndroidManifest.xml:37:13-36
118            android:permission="android.permission.INSTALL_PACKAGES" >
118-->[com.google.firebase:firebase-analytics:16.0.4] AndroidManifest.xml:38:13-69
119            <intent-filter>
119-->[com.google.firebase:firebase-analytics:16.0.4] AndroidManifest.xml:39:13-41:29
120                <action android:name="com.android.vending.INSTALL_REFERRER" />
120-->[com.google.firebase:firebase-analytics:16.0.4] AndroidManifest.xml:40:17-79
120-->[com.google.firebase:firebase-analytics:16.0.4] AndroidManifest.xml:40:25-76
121            </intent-filter>
122        </receiver>
123
124        <service
124-->[com.google.firebase:firebase-analytics:16.0.4] AndroidManifest.xml:44:9-47:40
125            android:name="com.google.android.gms.measurement.AppMeasurementService"
125-->[com.google.firebase:firebase-analytics:16.0.4] AndroidManifest.xml:45:13-84
126            android:enabled="true"
126-->[com.google.firebase:firebase-analytics:16.0.4] AndroidManifest.xml:46:13-35
127            android:exported="false" />
127-->[com.google.firebase:firebase-analytics:16.0.4] AndroidManifest.xml:47:13-37
128        <service
128-->[com.google.firebase:firebase-analytics:16.0.4] AndroidManifest.xml:48:9-52:72
129            android:name="com.google.android.gms.measurement.AppMeasurementJobService"
129-->[com.google.firebase:firebase-analytics:16.0.4] AndroidManifest.xml:49:13-87
130            android:enabled="true"
130-->[com.google.firebase:firebase-analytics:16.0.4] AndroidManifest.xml:50:13-35
131            android:exported="false"
131-->[com.google.firebase:firebase-analytics:16.0.4] AndroidManifest.xml:51:13-37
132            android:permission="android.permission.BIND_JOB_SERVICE" />
132-->[com.google.firebase:firebase-analytics:16.0.4] AndroidManifest.xml:52:13-69
133
134        <receiver
134-->[com.google.firebase:firebase-iid:17.0.3] AndroidManifest.xml:37:9-44:20
135            android:name="com.google.firebase.iid.FirebaseInstanceIdReceiver"
135-->[com.google.firebase:firebase-iid:17.0.3] AndroidManifest.xml:38:13-78
136            android:exported="true"
136-->[com.google.firebase:firebase-iid:17.0.3] AndroidManifest.xml:39:13-36
137            android:permission="com.google.android.c2dm.permission.SEND" >
137-->[com.google.firebase:firebase-iid:17.0.3] AndroidManifest.xml:40:13-73
138            <intent-filter>
138-->[com.google.firebase:firebase-iid:17.0.3] AndroidManifest.xml:41:13-43:29
139                <action android:name="com.google.android.c2dm.intent.RECEIVE" />
139-->[com.google.firebase:firebase-iid:17.0.3] AndroidManifest.xml:42:17-81
139-->[com.google.firebase:firebase-iid:17.0.3] AndroidManifest.xml:42:25-78
140            </intent-filter>
141        </receiver>
142        <!--
143             FirebaseInstanceIdService performs security checks at runtime,
144             no need for explicit permissions despite exported="true"
145        -->
146        <service
146-->[com.google.firebase:firebase-iid:17.0.3] AndroidManifest.xml:50:9-56:19
147            android:name="com.google.firebase.iid.FirebaseInstanceIdService"
147-->[com.google.firebase:firebase-iid:17.0.3] AndroidManifest.xml:51:13-77
148            android:exported="true" >
148-->[com.google.firebase:firebase-iid:17.0.3] AndroidManifest.xml:52:13-36
149            <intent-filter android:priority="-500" >
149-->[com.google.firebase:firebase-iid:17.0.3] AndroidManifest.xml:53:13-55:29
149-->[com.google.firebase:firebase-iid:17.0.3] AndroidManifest.xml:53:28-51
150                <action android:name="com.google.firebase.INSTANCE_ID_EVENT" />
150-->[com.google.firebase:firebase-iid:17.0.3] AndroidManifest.xml:54:17-80
150-->[com.google.firebase:firebase-iid:17.0.3] AndroidManifest.xml:54:25-77
151            </intent-filter>
152        </service>
153
154        <activity
154-->[com.google.android.gms:play-services-base:17.1.0] AndroidManifest.xml:23:9-26:75
155            android:name="com.google.android.gms.common.api.GoogleApiActivity"
155-->[com.google.android.gms:play-services-base:17.1.0] AndroidManifest.xml:24:13-79
156            android:exported="false"
156-->[com.google.android.gms:play-services-base:17.1.0] AndroidManifest.xml:25:13-37
157            android:theme="@android:style/Theme.Translucent.NoTitleBar" />
157-->[com.google.android.gms:play-services-base:17.1.0] AndroidManifest.xml:26:13-72
158
159        <provider
159-->[com.google.firebase:firebase-common:19.3.0] AndroidManifest.xml:26:9-30:39
160            android:name="com.google.firebase.provider.FirebaseInitProvider"
160-->[com.google.firebase:firebase-common:19.3.0] AndroidManifest.xml:27:13-77
161            android:authorities="com.example.stratboxmobile.firebaseinitprovider"
161-->[com.google.firebase:firebase-common:19.3.0] AndroidManifest.xml:28:13-72
162            android:exported="false"
162-->[com.google.firebase:firebase-common:19.3.0] AndroidManifest.xml:29:13-37
163            android:initOrder="100" />
163-->[com.google.firebase:firebase-common:19.3.0] AndroidManifest.xml:30:13-36
164
165        <meta-data
165-->[com.google.android.gms:play-services-basement:17.0.0] AndroidManifest.xml:23:9-25:69
166            android:name="com.google.android.gms.version"
166-->[com.google.android.gms:play-services-basement:17.0.0] AndroidManifest.xml:24:13-58
167            android:value="@integer/google_play_services_version" />
167-->[com.google.android.gms:play-services-basement:17.0.0] AndroidManifest.xml:25:13-66
168    </application>
169
170</manifest>